<?xml version="1.0" encoding="UTF-8"?>
<testng-results ignored="0" total="1" passed="1" failed="0" skipped="0">
  <reporter-output>
  </reporter-output>
  <suite started-at="2025-10-26T02:32:56 IST" name="SauceDemo BDD Suite" finished-at="2025-10-26T02:33:03 IST" duration-ms="6697">
    <groups>
      <group name="cucumber">
        <method signature="AbstractTestNGCucumberTests.runScenario(io.cucumber.testng.PickleWrapper,io.cucumber.testng.FeatureWrapper)[pri:0, instance:runners.TestRunner@4b3ed2f0]" name="runScenario" class="io.cucumber.testng.AbstractTestNGCucumberTests"/>
      </group> <!-- cucumber -->
    </groups>
    <test started-at="2025-10-26T02:32:56 IST" name="SauceDemo BDD Tests" finished-at="2025-10-26T02:33:03 IST" duration-ms="6697">
      <class name="runners.TestRunner">
        <test-method is-config="true" signature="setUpClass(org.testng.ITestContext)[pri:0, instance:runners.TestRunner@4b3ed2f0]" started-at="2025-10-26T02:32:56 IST" name="setUpClass" finished-at="2025-10-26T02:32:57 IST" duration-ms="496" status="PASS">
          <params>
            <param index="0">
              <value>
                <![CDATA[org.testng.TestRunner@3453acd2]]>
              </value>
            </param>
          </params>
          <reporter-output>
          </reporter-output>
        </test-method> <!-- setUpClass -->
        <test-method signature="runScenario(io.cucumber.testng.PickleWrapper,io.cucumber.testng.FeatureWrapper)[pri:0, instance:runners.TestRunner@4b3ed2f0]" started-at="2025-10-26T02:32:57 IST" name="runScenario" description="Runs Cucumber Scenarios" data-provider="scenarios" finished-at="2025-10-26T02:33:03 IST" duration-ms="6038" status="PASS">
          <params>
            <param index="0">
              <value>
                <![CDATA["End-to-end purchase successfully"]]>
              </value>
            </param>
            <param index="1">
              <value>
                <![CDATA["SauceDemo Purchase Flow"]]>
              </value>
            </param>
          </params>
          <reporter-output>
          </reporter-output>
        </test-method> <!-- runScenario -->
        <test-method is-config="true" signature="tearDownClass()[pri:0, instance:runners.TestRunner@4b3ed2f0]" started-at="2025-10-26T02:33:03 IST" name="tearDownClass" finished-at="2025-10-26T02:33:03 IST" duration-ms="3" status="PASS">
          <reporter-output>
          </reporter-output>
        </test-method> <!-- tearDownClass -->
      </class> <!-- runners.TestRunner -->
    </test> <!-- SauceDemo BDD Tests -->
  </suite> <!-- SauceDemo BDD Suite -->
</testng-results>
